Using pre-set license
Built from '2020.3/staging' branch; Version is '2020.3.25f1 (9b9180224418) revision 10195328'; Using compiler version '192528614'; Build Type 'Release'
OS: 'Windows 10  (10.0.17763) 64bit Enterprise' Language: 'en' Physical Memory: 32700 MB
BatchMode: 1, IsHumanControllingUs: 0, StartBugReporterOnCrash: 0, Is64bit: 1, IsPro: 0

COMMAND LINE ARGUMENTS:
C:\Program Files\Unity\Hub\Editor\2020.3.25f1\Editor\Unity.exe
-adb2
-batchMode
-noUpm
-name
AssetImportWorker0
-projectPath
C:/Users/siro6690/Project Viking
-logFile
Logs/AssetImportWorker0.log
-srvPort
55245
Successfully changed project path to: C:/Users/siro6690/Project Viking
C:/Users/siro6690/Project Viking
Using Asset Import Pipeline V2.
Refreshing native plugins compatible for Editor in 49.98 ms, found 2 plugins.
Preloading 0 native plugins for Editor in 0.00 ms.
Initialize engine version: 2020.3.25f1 (9b9180224418)
[Subsystems] Discovering subsystems at path C:/Program Files/Unity/Hub/Editor/2020.3.25f1/Editor/Data/Resources/UnitySubsystems
[Subsystems] Discovering subsystems at path C:/Users/siro6690/Project Viking/Assets
GfxDevice: creating device client; threaded=0
Direct3D:
    Version:  Direct3D 11.0 [level 11.1]
    Renderer: NVIDIA GeForce GTX 1080 Ti (ID=0x1b06)
    Vendor:   
    VRAM:     11127 MB
    Driver:   27.21.14.5671
Initialize mono
Mono path[0] = 'C:/Program Files/Unity/Hub/Editor/2020.3.25f1/Editor/Data/Managed'
Mono path[1] = 'C:/Program Files/Unity/Hub/Editor/2020.3.25f1/Editor/Data/MonoBleedingEdge/lib/mono/unityjit'
Mono config path = 'C:/Program Files/Unity/Hub/Editor/2020.3.25f1/Editor/Data/MonoBleedingEdge/etc'
Using monoOptions --debugger-agent=transport=dt_socket,embedding=1,server=y,suspend=n,address=127.0.0.1:56884
Begin MonoManager ReloadAssembly
Registering precompiled unity dll's ...
Register platform support module: C:/Program Files/Unity/Hub/Editor/2020.3.25f1/Editor/Data/PlaybackEngines/WindowsStandaloneSupport/UnityEditor.WindowsStandalone.Extensions.dll
Registered in 0.001724 seconds.
Native extension for WindowsStandalone target not found
Refreshing native plugins compatible for Editor in 54.47 ms, found 2 plugins.
Preloading 0 native plugins for Editor in 0.00 ms.
Mono: successfully reloaded assembly
- Completed reload, in  0.713 seconds
Domain Reload Profiling:
	ReloadAssembly (713ms)
		BeginReloadAssembly (70ms)
			ExecutionOrderSort (0ms)
			DisableScriptedObjects (0ms)
			BackupInstance (0ms)
			ReleaseScriptingObjects (0ms)
			CreateAndSetChildDomain (1ms)
		EndReloadAssembly (561ms)
			LoadAssemblies (66ms)
			RebuildTransferFunctionScriptingTraits (0ms)
			SetupTypeCache (176ms)
			ReleaseScriptCaches (0ms)
			RebuildScriptCaches (34ms)
			SetupLoadedEditorAssemblies (222ms)
				LogAssemblyErrors (0ms)
				InitializePlatformSupportModulesInManaged (5ms)
				SetLoadedEditorAssemblies (0ms)
				RefreshPlugins (55ms)
				BeforeProcessingInitializeOnLoad (18ms)
				ProcessInitializeOnLoadAttributes (106ms)
				ProcessInitializeOnLoadMethodAttributes (38ms)
				AfterProcessingInitializeOnLoad (0ms)
				EditorAssembliesLoaded (0ms)
			ExecutionOrderSort2 (0ms)
			AwakeInstancesAfterBackupRestoration (0ms)
Platform modules already initialized, skipping
Registering precompiled user dll's ...
Registered in 0.008398 seconds.
Begin MonoManager ReloadAssembly
Native extension for WindowsStandalone target not found
Refreshing native plugins compatible for Editor in 42.46 ms, found 2 plugins.
Preloading 0 native plugins for Editor in 0.00 ms.
Mono: successfully reloaded assembly
- Completed reload, in  1.358 seconds
Domain Reload Profiling:
	ReloadAssembly (1359ms)
		BeginReloadAssembly (176ms)
			ExecutionOrderSort (0ms)
			DisableScriptedObjects (10ms)
			BackupInstance (0ms)
			ReleaseScriptingObjects (0ms)
			CreateAndSetChildDomain (26ms)
		EndReloadAssembly (1106ms)
			LoadAssemblies (109ms)
			RebuildTransferFunctionScriptingTraits (0ms)
			SetupTypeCache (325ms)
			ReleaseScriptCaches (1ms)
			RebuildScriptCaches (65ms)
			SetupLoadedEditorAssemblies (377ms)
				LogAssemblyErrors (0ms)
				InitializePlatformSupportModulesInManaged (3ms)
				SetLoadedEditorAssemblies (0ms)
				RefreshPlugins (43ms)
				BeforeProcessingInitializeOnLoad (90ms)
				ProcessInitializeOnLoadAttributes (224ms)
				ProcessInitializeOnLoadMethodAttributes (9ms)
				AfterProcessingInitializeOnLoad (6ms)
				EditorAssembliesLoaded (0ms)
			ExecutionOrderSort2 (0ms)
			AwakeInstancesAfterBackupRestoration (7ms)
Platform modules already initialized, skipping
========================================================================
Worker process is ready to serve import requests
Launched and connected shader compiler UnityShaderCompiler.exe after 0.09 seconds
Refreshing native plugins compatible for Editor in 0.78 ms, found 2 plugins.
Preloading 0 native plugins for Editor in 0.00 ms.
Unloading 2022 Unused Serialized files (Serialized files now loaded: 0)
System memory in use before: 84.3 MB.
System memory in use after: 84.4 MB.

Unloading 29 unused Assets to reduce memory usage. Loaded Objects now: 2456.
Total: 3.713100 ms (FindLiveObjects: 0.209400 ms CreateObjectMapping: 0.053200 ms MarkObjects: 3.359300 ms  DeleteObjects: 0.089600 ms)

AssetImportParameters requested are different than current active one (requested -> active):
  custom:framework-win-MediaFoundation: 216162199b28c13a410421893ffa2e32 -> 
  custom:video-decoder-ogg-theora: a1e56fd34408186e4bbccfd4996cb3dc -> 
  custom:container-muxer-webm: aa71ff27fc2769a1b78a27578f13a17b -> 
  custom:container-demuxer-webm: 4f35f7cbe854078d1ac9338744f61a02 -> 
  custom:container-demuxer-ogg: 62fdf1f143b41e24485cea50d1cbac27 -> 
  custom:video-encoder-webm-vp8: eb34c28f22e8b96e1ab97ce403110664 -> 
  custom:video-decoder-webm-vp8: 9c59270c3fd7afecdb556c50c9e8de78 -> 
  custom:audio-decoder-ogg-vorbis: bf7c407c2cedff20999df2af8eb42d56 -> 
  custom:audio-encoder-webm-vorbis: bf7c407c2cedff20999df2af8eb42d56 -> 
========================================================================
Received Import Request.
  path: Assets/Scenes/SampleScene.unity
  artifactKey: Guid(9fc0d4010bbf28b4594072e72b8655ab) Importer(815301076,1909f56bfc062723c751e8b465ee728b)
Start importing Assets/Scenes/SampleScene.unity using Guid(9fc0d4010bbf28b4594072e72b8655ab) Importer(815301076,1909f56bfc062723c751e8b465ee728b)  -> (artifact id: '4e2ff9959664c546602da2123d955462') in 0.024060 seconds 
  Import took 0.027351 seconds .

========================================================================
Received Import Request.
  Time since last request: 462.465825 seconds.
  path: Assets/Scenes/New Scene.unity
  artifactKey: Guid(78a991ca45454814089baee75f7be29c) Importer(815301076,1909f56bfc062723c751e8b465ee728b)
Start importing Assets/Scenes/New Scene.unity using Guid(78a991ca45454814089baee75f7be29c) Importer(815301076,1909f56bfc062723c751e8b465ee728b)  -> (artifact id: 'b6157f93a4e64abee35b298891e176da') in 0.007969 seconds 
  Import took 0.011564 seconds .

========================================================================
Received Import Request.
  Time since last request: 3.481275 seconds.
  path: Assets
  artifactKey: Guid(00000000000000001000000000000000) Importer(815301076,1909f56bfc062723c751e8b465ee728b)
Start importing Assets using Guid(00000000000000001000000000000000) Importer(815301076,1909f56bfc062723c751e8b465ee728b)  -> (artifact id: '42d402b061de3733987d63b9cc3b64de') in 0.010856 seconds 
  Import took 0.015552 seconds .

========================================================================
Received Import Request.
  Time since last request: 10.100037 seconds.
  path: Assets/PROJECT VIKING
  artifactKey: Guid(064c869a6f7eacd42a1e86dbc9b54db2) Importer(815301076,1909f56bfc062723c751e8b465ee728b)
Start importing Assets/PROJECT VIKING using Guid(064c869a6f7eacd42a1e86dbc9b54db2) Importer(815301076,1909f56bfc062723c751e8b465ee728b)  -> (artifact id: 'fd4ba5367639a3645a9917c8d82ee169') in 0.010871 seconds 
  Import took 0.015756 seconds .

========================================================================
Received Import Request.
  Time since last request: 12.724660 seconds.
  path: Assets/PROJECT VIKING/Assets
  artifactKey: Guid(2120cd3de7b95b044aafb83ee2ccce76) Importer(815301076,1909f56bfc062723c751e8b465ee728b)
Start importing Assets/PROJECT VIKING/Assets using Guid(2120cd3de7b95b044aafb83ee2ccce76) Importer(815301076,1909f56bfc062723c751e8b465ee728b)  -> (artifact id: '1d74c212fbd59192c3ac44cf056a0ecf') in 0.004389 seconds 
  Import took 0.008429 seconds .

========================================================================
Received Import Request.
  Time since last request: 4.453613 seconds.
  path: Assets/PROJECT VIKING/Scenes
  artifactKey: Guid(b035a72e7b3c8e443b1587df8ddbecf6) Importer(815301076,1909f56bfc062723c751e8b465ee728b)
Start importing Assets/PROJECT VIKING/Scenes using Guid(b035a72e7b3c8e443b1587df8ddbecf6) Importer(815301076,1909f56bfc062723c751e8b465ee728b)  -> (artifact id: 'e9317f8175ce8f2bef5fdb52eda48966') in 0.008145 seconds 
  Import took 0.012222 seconds .

========================================================================
Received Import Request.
  Time since last request: 6.403938 seconds.
  path: Assets/PROJECT VIKING/Scripts
  artifactKey: Guid(1ec5da96cdf873343933b720220447c2) Importer(815301076,1909f56bfc062723c751e8b465ee728b)
Start importing Assets/PROJECT VIKING/Scripts using Guid(1ec5da96cdf873343933b720220447c2) Importer(815301076,1909f56bfc062723c751e8b465ee728b)  -> (artifact id: '939deda591d9e8965fa8e2c2a75af7b1') in 0.010331 seconds 
  Import took 0.013669 seconds .

========================================================================
Received Import Request.
  Time since last request: 13.778637 seconds.
  path: Assets/PROJECT VIKING/Scenes/New Scene.unity
  artifactKey: Guid(13e909346481cf04cb76120c2b7065bd) Importer(815301076,1909f56bfc062723c751e8b465ee728b)
Start importing Assets/PROJECT VIKING/Scenes/New Scene.unity using Guid(13e909346481cf04cb76120c2b7065bd) Importer(815301076,1909f56bfc062723c751e8b465ee728b)  -> (artifact id: 'c904e453f486912f1d609ef12123d5a2') in 0.004228 seconds 
  Import took 0.009225 seconds .

========================================================================
Received Import Request.
  Time since last request: 7.860759 seconds.
  path: Assets/PROJECT VIKING/Scenes/New SceneTemplate.scenetemplate
  artifactKey: Guid(b8b451a6b96af0a4d8f6dcf1a12e6914) Importer(815301076,1909f56bfc062723c751e8b465ee728b)
Start importing Assets/PROJECT VIKING/Scenes/New SceneTemplate.scenetemplate using Guid(b8b451a6b96af0a4d8f6dcf1a12e6914) Importer(815301076,1909f56bfc062723c751e8b465ee728b)  -> (artifact id: 'd18c2a8649fc4cce8cbe1247356e09cb') in 0.040838 seconds 
  Import took 0.044172 seconds .

========================================================================
Received Import Request.
  Time since last request: 6.437590 seconds.
  path: Assets/PROJECT VIKING/Scenes/Project Viking.unity
  artifactKey: Guid(12a16e43f4ad4374780a446f24756813) Importer(815301076,1909f56bfc062723c751e8b465ee728b)
Start importing Assets/PROJECT VIKING/Scenes/Project Viking.unity using Guid(12a16e43f4ad4374780a446f24756813) Importer(815301076,1909f56bfc062723c751e8b465ee728b)  -> (artifact id: 'f4e4993962999fdd5f1d7bc21125af0c') in 0.008995 seconds 
  Import took 0.013150 seconds .

AssetImportWorkerClient::OnTransportError - code=2 error=End of file
